#! /mingw64/bin/vvp
:ivl_version "12.0 (stable)";
:ivl_delay_selection "TYPICAL";
:vpi_time_precision + 0;
:vpi_module "C:\msys64\mingw64\lib\ivl\system.vpi";
:vpi_module "C:\msys64\mingw64\lib\ivl\vhdl_sys.vpi";
:vpi_module "C:\msys64\mingw64\lib\ivl\vhdl_textio.vpi";
:vpi_module "C:\msys64\mingw64\lib\ivl\v2005_math.vpi";
:vpi_module "C:\msys64\mingw64\lib\ivl\va_math.vpi";
S_00000227c86d84a0 .scope module, "tb_sumador_restador" "tb_sumador_restador" 2 4;
 .timescale 0 0;
v00000227c8743100_0 .var "A", 3 0;
v00000227c8741800_0 .var "B", 3 0;
v00000227c8742ca0_0 .net "Co", 0 0, L_00000227c8745760;  1 drivers
v00000227c8741da0_0 .net "S", 3 0, L_00000227c8743060;  1 drivers
v00000227c8741a80_0 .var "Sel", 0 0;
v00000227c8742160_0 .var/i "i", 31 0;
v00000227c8742480_0 .var/i "j", 31 0;
S_00000227c86d89c0 .scope module, "uut" "sumador_restador" 2 19, 3 2 0, S_00000227c86d84a0;
 .timescale 0 0;
    .port_info 0 /INPUT 4 "A";
    .port_info 1 /INPUT 4 "B";
    .port_info 2 /INPUT 1 "Sel";
    .port_info 3 /OUTPUT 4 "S";
    .port_info 4 /OUTPUT 1 "Co";
L_00000227c86d6240 .functor XOR 1, L_00000227c8741d00, v00000227c8741a80_0, C4<0>, C4<0>;
L_00000227c86d6b70 .functor XOR 1, L_00000227c8742f20, v00000227c8741a80_0, C4<0>, C4<0>;
L_00000227c86d6470 .functor XOR 1, L_00000227c8742b60, v00000227c8741a80_0, C4<0>, C4<0>;
L_00000227c86d6860 .functor XOR 1, L_00000227c87420c0, v00000227c8741a80_0, C4<0>, C4<0>;
v00000227c8742980_0 .net "A", 3 0, v00000227c8743100_0;  1 drivers
v00000227c87428e0_0 .net "B", 3 0, v00000227c8741800_0;  1 drivers
v00000227c87419e0_0 .net "B_xor", 3 0, L_00000227c8741c60;  1 drivers
v00000227c8741bc0_0 .net "Co", 0 0, L_00000227c8745760;  alias, 1 drivers
v00000227c8741f80_0 .net "S", 3 0, L_00000227c8743060;  alias, 1 drivers
v00000227c8741620_0 .net "Sel", 0 0, v00000227c8741a80_0;  1 drivers
v00000227c8741760_0 .net *"_ivl_10", 0 0, L_00000227c86d6b70;  1 drivers
v00000227c8742520_0 .net *"_ivl_15", 0 0, L_00000227c8742b60;  1 drivers
v00000227c8742020_0 .net *"_ivl_16", 0 0, L_00000227c86d6470;  1 drivers
v00000227c8742ac0_0 .net *"_ivl_22", 0 0, L_00000227c87420c0;  1 drivers
v00000227c8742a20_0 .net *"_ivl_23", 0 0, L_00000227c86d6860;  1 drivers
v00000227c8743380_0 .net *"_ivl_3", 0 0, L_00000227c8741d00;  1 drivers
v00000227c8743420_0 .net *"_ivl_4", 0 0, L_00000227c86d6240;  1 drivers
v00000227c87425c0_0 .net *"_ivl_9", 0 0, L_00000227c8742f20;  1 drivers
L_00000227c8741d00 .part v00000227c8741800_0, 0, 1;
L_00000227c8742f20 .part v00000227c8741800_0, 1, 1;
L_00000227c8742b60 .part v00000227c8741800_0, 2, 1;
L_00000227c8741c60 .concat8 [ 1 1 1 1], L_00000227c86d6240, L_00000227c86d6b70, L_00000227c86d6470, L_00000227c86d6860;
L_00000227c87420c0 .part v00000227c8741800_0, 3, 1;
S_00000227c86d8b50 .scope module, "mi_sumador" "sumador_4bits" 3 19, 4 2 0, S_00000227c86d89c0;
 .timescale 0 0;
    .port_info 0 /INPUT 4 "A";
    .port_info 1 /INPUT 4 "B";
    .port_info 2 /INPUT 1 "Ci";
    .port_info 3 /OUTPUT 4 "S";
    .port_info 4 /OUTPUT 1 "Co";
v00000227c86e5880_0 .net "A", 3 0, v00000227c8743100_0;  alias, 1 drivers
v00000227c86e5920_0 .net "B", 3 0, L_00000227c8741c60;  alias, 1 drivers
v00000227c86e59c0_0 .net "Ci", 0 0, v00000227c8741a80_0;  alias, 1 drivers
v00000227c86d18c0_0 .net "Co", 0 0, L_00000227c8745760;  alias, 1 drivers
v00000227c86d1d20_0 .net "S", 3 0, L_00000227c8743060;  alias, 1 drivers
v00000227c87416c0_0 .net "c1", 0 0, L_00000227c86d6710;  1 drivers
v00000227c8741580_0 .net "c2", 0 0, L_00000227c86d69b0;  1 drivers
v00000227c8742e80_0 .net "c3", 0 0, L_00000227c86d6be0;  1 drivers
L_00000227c87431a0 .part v00000227c8743100_0, 0, 1;
L_00000227c8742de0 .part L_00000227c8741c60, 0, 1;
L_00000227c8742d40 .part v00000227c8743100_0, 1, 1;
L_00000227c8741e40 .part L_00000227c8741c60, 1, 1;
L_00000227c8743240 .part v00000227c8743100_0, 2, 1;
L_00000227c8742fc0 .part L_00000227c8741c60, 2, 1;
L_00000227c8742200 .part v00000227c8743100_0, 3, 1;
L_00000227c87418a0 .part L_00000227c8741c60, 3, 1;
L_00000227c8743060 .concat8 [ 1 1 1 1], L_00000227c86d68d0, L_00000227c86d6320, L_00000227c86d6390, L_00000227c8745e60;
S_00000227c86de8c0 .scope module, "bit0" "sumador_1" 4 13, 5 1 0, S_00000227c86d8b50;
 .timescale 0 0;
    .port_info 0 /INPUT 1 "A";
    .port_info 1 /INPUT 1 "B";
    .port_info 2 /INPUT 1 "Ci";
    .port_info 3 /OUTPUT 1 "So";
    .port_info 4 /OUTPUT 1 "Co";
L_00000227c86d6e80 .functor XOR 1, L_00000227c8742de0, v00000227c8741a80_0, C4<0>, C4<0>;
L_00000227c86d68d0 .functor XOR 1, L_00000227c87431a0, L_00000227c86d6e80, C4<0>, C4<0>;
L_00000227c86d62b0 .functor XOR 1, L_00000227c87431a0, L_00000227c8742de0, C4<0>, C4<0>;
L_00000227c86d61d0 .functor AND 1, v00000227c8741a80_0, L_00000227c86d62b0, C4<1>, C4<1>;
L_00000227c86d6ef0 .functor AND 1, L_00000227c87431a0, L_00000227c8742de0, C4<1>, C4<1>;
L_00000227c86d6710 .functor OR 1, L_00000227c86d61d0, L_00000227c86d6ef0, C4<0>, C4<0>;
v00000227c86e6a00_0 .net "A", 0 0, L_00000227c87431a0;  1 drivers
v00000227c86e6320_0 .net "B", 0 0, L_00000227c8742de0;  1 drivers
v00000227c86e68c0_0 .net "Ci", 0 0, v00000227c8741a80_0;  alias, 1 drivers
v00000227c86e6140_0 .net "Co", 0 0, L_00000227c86d6710;  alias, 1 drivers
v00000227c86e6500_0 .net "So", 0 0, L_00000227c86d68d0;  1 drivers
v00000227c86e52e0_0 .net *"_ivl_0", 0 0, L_00000227c86d6e80;  1 drivers
v00000227c86e6aa0_0 .net *"_ivl_4", 0 0, L_00000227c86d62b0;  1 drivers
v00000227c86e6dc0_0 .net *"_ivl_6", 0 0, L_00000227c86d61d0;  1 drivers
v00000227c86e5ec0_0 .net *"_ivl_8", 0 0, L_00000227c86d6ef0;  1 drivers
S_00000227c86dea50 .scope module, "bit1" "sumador_1" 4 22, 5 1 0, S_00000227c86d8b50;
 .timescale 0 0;
    .port_info 0 /INPUT 1 "A";
    .port_info 1 /INPUT 1 "B";
    .port_info 2 /INPUT 1 "Ci";
    .port_info 3 /OUTPUT 1 "So";
    .port_info 4 /OUTPUT 1 "Co";
L_00000227c86d6080 .functor XOR 1, L_00000227c8741e40, L_00000227c86d6710, C4<0>, C4<0>;
L_00000227c86d6320 .functor XOR 1, L_00000227c8742d40, L_00000227c86d6080, C4<0>, C4<0>;
L_00000227c86d67f0 .functor XOR 1, L_00000227c8742d40, L_00000227c8741e40, C4<0>, C4<0>;
L_00000227c86d6940 .functor AND 1, L_00000227c86d6710, L_00000227c86d67f0, C4<1>, C4<1>;
L_00000227c86d6160 .functor AND 1, L_00000227c8742d40, L_00000227c8741e40, C4<1>, C4<1>;
L_00000227c86d69b0 .functor OR 1, L_00000227c86d6940, L_00000227c86d6160, C4<0>, C4<0>;
v00000227c86e6820_0 .net "A", 0 0, L_00000227c8742d40;  1 drivers
v00000227c86e5100_0 .net "B", 0 0, L_00000227c8741e40;  1 drivers
v00000227c86e5ce0_0 .net "Ci", 0 0, L_00000227c86d6710;  alias, 1 drivers
v00000227c86e5f60_0 .net "Co", 0 0, L_00000227c86d69b0;  alias, 1 drivers
v00000227c86e5b00_0 .net "So", 0 0, L_00000227c86d6320;  1 drivers
v00000227c86e5380_0 .net *"_ivl_0", 0 0, L_00000227c86d6080;  1 drivers
v00000227c86e5e20_0 .net *"_ivl_4", 0 0, L_00000227c86d67f0;  1 drivers
v00000227c86e4fc0_0 .net *"_ivl_6", 0 0, L_00000227c86d6940;  1 drivers
v00000227c86e51a0_0 .net *"_ivl_8", 0 0, L_00000227c86d6160;  1 drivers
S_00000227c86da3f0 .scope module, "bit2" "sumador_1" 4 31, 5 1 0, S_00000227c86d8b50;
 .timescale 0 0;
    .port_info 0 /INPUT 1 "A";
    .port_info 1 /INPUT 1 "B";
    .port_info 2 /INPUT 1 "Ci";
    .port_info 3 /OUTPUT 1 "So";
    .port_info 4 /OUTPUT 1 "Co";
L_00000227c86d6a20 .functor XOR 1, L_00000227c8742fc0, L_00000227c86d69b0, C4<0>, C4<0>;
L_00000227c86d6390 .functor XOR 1, L_00000227c8743240, L_00000227c86d6a20, C4<0>, C4<0>;
L_00000227c86d64e0 .functor XOR 1, L_00000227c8743240, L_00000227c8742fc0, C4<0>, C4<0>;
L_00000227c86d6b00 .functor AND 1, L_00000227c86d69b0, L_00000227c86d64e0, C4<1>, C4<1>;
L_00000227c86d6550 .functor AND 1, L_00000227c8743240, L_00000227c8742fc0, C4<1>, C4<1>;
L_00000227c86d6be0 .functor OR 1, L_00000227c86d6b00, L_00000227c86d6550, C4<0>, C4<0>;
v00000227c86e5ba0_0 .net "A", 0 0, L_00000227c8743240;  1 drivers
v00000227c86e5600_0 .net "B", 0 0, L_00000227c8742fc0;  1 drivers
v00000227c86e6000_0 .net "Ci", 0 0, L_00000227c86d69b0;  alias, 1 drivers
v00000227c86e5240_0 .net "Co", 0 0, L_00000227c86d6be0;  alias, 1 drivers
v00000227c86e6b40_0 .net "So", 0 0, L_00000227c86d6390;  1 drivers
v00000227c86e5420_0 .net *"_ivl_0", 0 0, L_00000227c86d6a20;  1 drivers
v00000227c86e6be0_0 .net *"_ivl_4", 0 0, L_00000227c86d64e0;  1 drivers
v00000227c86e57e0_0 .net *"_ivl_6", 0 0, L_00000227c86d6b00;  1 drivers
v00000227c86e61e0_0 .net *"_ivl_8", 0 0, L_00000227c86d6550;  1 drivers
S_00000227c86da580 .scope module, "bit3" "sumador_1" 4 40, 5 1 0, S_00000227c86d8b50;
 .timescale 0 0;
    .port_info 0 /INPUT 1 "A";
    .port_info 1 /INPUT 1 "B";
    .port_info 2 /INPUT 1 "Ci";
    .port_info 3 /OUTPUT 1 "So";
    .port_info 4 /OUTPUT 1 "Co";
L_00000227c86d6c50 .functor XOR 1, L_00000227c87418a0, L_00000227c86d6be0, C4<0>, C4<0>;
L_00000227c8745e60 .functor XOR 1, L_00000227c8742200, L_00000227c86d6c50, C4<0>, C4<0>;
L_00000227c8745ae0 .functor XOR 1, L_00000227c8742200, L_00000227c87418a0, C4<0>, C4<0>;
L_00000227c8745c30 .functor AND 1, L_00000227c86d6be0, L_00000227c8745ae0, C4<1>, C4<1>;
L_00000227c8745ca0 .functor AND 1, L_00000227c8742200, L_00000227c87418a0, C4<1>, C4<1>;
L_00000227c8745760 .functor OR 1, L_00000227c8745c30, L_00000227c8745ca0, C4<0>, C4<0>;
v00000227c86e5560_0 .net "A", 0 0, L_00000227c8742200;  1 drivers
v00000227c86e63c0_0 .net "B", 0 0, L_00000227c87418a0;  1 drivers
v00000227c86e54c0_0 .net "Ci", 0 0, L_00000227c86d6be0;  alias, 1 drivers
v00000227c86e66e0_0 .net "Co", 0 0, L_00000227c8745760;  alias, 1 drivers
v00000227c86e56a0_0 .net "So", 0 0, L_00000227c8745e60;  1 drivers
v00000227c86e5740_0 .net *"_ivl_0", 0 0, L_00000227c86d6c50;  1 drivers
v00000227c86e6780_0 .net *"_ivl_4", 0 0, L_00000227c8745ae0;  1 drivers
v00000227c86e6c80_0 .net *"_ivl_6", 0 0, L_00000227c8745c30;  1 drivers
v00000227c86e6e60_0 .net *"_ivl_8", 0 0, L_00000227c8745ca0;  1 drivers
    .scope S_00000227c86d84a0;
T_0 ;
    %vpi_call 2 29 "$dumpfile", "simulacion_total.vcd" {0 0 0};
    %vpi_call 2 30 "$dumpvars", 32'sb00000000000000000000000000000000, S_00000227c86d84a0 {0 0 0};
    %vpi_call 2 35 "$display", "--- INICIANDO TODAS LAS SUMAS (Sel = 0) ---" {0 0 0};
    %pushi/vec4 0, 0, 1;
    %store/vec4 v00000227c8741a80_0, 0, 1;
    %pushi/vec4 0, 0, 32;
    %store/vec4 v00000227c8742160_0, 0, 32;
T_0.0 ;
    %load/vec4 v00000227c8742160_0;
    %cmpi/s 16, 0, 32;
    %jmp/0xz T_0.1, 5;
    %pushi/vec4 0, 0, 32;
    %store/vec4 v00000227c8742480_0, 0, 32;
T_0.2 ;
    %load/vec4 v00000227c8742480_0;
    %cmpi/s 16, 0, 32;
    %jmp/0xz T_0.3, 5;
    %load/vec4 v00000227c8742160_0;
    %parti/s 4, 0, 2;
    %store/vec4 v00000227c8743100_0, 0, 4;
    %load/vec4 v00000227c8742480_0;
    %parti/s 4, 0, 2;
    %store/vec4 v00000227c8741800_0, 0, 4;
    %delay 5, 0;
    %load/vec4 v00000227c8742480_0;
    %addi 1, 0, 32;
    %store/vec4 v00000227c8742480_0, 0, 32;
    %jmp T_0.2;
T_0.3 ;
    %load/vec4 v00000227c8742160_0;
    %addi 1, 0, 32;
    %store/vec4 v00000227c8742160_0, 0, 32;
    %jmp T_0.0;
T_0.1 ;
    %vpi_call 2 51 "$display", "\012--- INICIANDO TODAS LAS RESTAS (Sel = 1) ---" {0 0 0};
    %pushi/vec4 1, 0, 1;
    %store/vec4 v00000227c8741a80_0, 0, 1;
    %pushi/vec4 0, 0, 32;
    %store/vec4 v00000227c8742160_0, 0, 32;
T_0.4 ;
    %load/vec4 v00000227c8742160_0;
    %cmpi/s 16, 0, 32;
    %jmp/0xz T_0.5, 5;
    %pushi/vec4 0, 0, 32;
    %store/vec4 v00000227c8742480_0, 0, 32;
T_0.6 ;
    %load/vec4 v00000227c8742480_0;
    %cmpi/s 16, 0, 32;
    %jmp/0xz T_0.7, 5;
    %load/vec4 v00000227c8742160_0;
    %parti/s 4, 0, 2;
    %store/vec4 v00000227c8743100_0, 0, 4;
    %load/vec4 v00000227c8742480_0;
    %parti/s 4, 0, 2;
    %store/vec4 v00000227c8741800_0, 0, 4;
    %delay 5, 0;
    %load/vec4 v00000227c8742480_0;
    %addi 1, 0, 32;
    %store/vec4 v00000227c8742480_0, 0, 32;
    %jmp T_0.6;
T_0.7 ;
    %load/vec4 v00000227c8742160_0;
    %addi 1, 0, 32;
    %store/vec4 v00000227c8742160_0, 0, 32;
    %jmp T_0.4;
T_0.5 ;
    %vpi_call 2 63 "$display", "\012--- SIMULACION TERMINADA EXITOSAMENTE ---" {0 0 0};
    %vpi_call 2 64 "$finish" {0 0 0};
    %end;
    .thread T_0;
    .scope S_00000227c86d84a0;
T_1 ;
    %vpi_call 2 69 "$monitor", "Tiempo=%0t | Sel=%b | A=%d, B=%d | Resultado(S)=%b (Dec:%d), Co=%b", $time, v00000227c8741a80_0, v00000227c8743100_0, v00000227c8741800_0, v00000227c8741da0_0, v00000227c8741da0_0, v00000227c8742ca0_0 {0 0 0};
    %end;
    .thread T_1;
# The file index is used to find the file name in the following table.
:file_names 6;
    "N/A";
    "<interactive>";
    "sumador_restador_tb.v";
    "./sumador_restador.v";
    "./sumador_4bits.v";
    "./sumador1.v";
